doctorApp/android/app/build/intermediates/manifest_merge_blame_file/debug/manifest-merger-blame-debug-report.txt
1<?xml version="1.0" encoding="utf-8"?>
2<manifest xmlns:android="http://schemas.android.com/apk/res/android"
3    package="com.doctorapp"
4    android:versionCode="1"
5    android:versionName="1.0" >
6
7    <uses-sdk
8        android:minSdkVersion="21"
9        android:targetSdkVersion="29" />
10
11    <uses-permission android:name="android.permission.SYSTEM_ALERT_WINDOW" />
11-->src\debug\AndroidManifest.xml:5:5-77
11-->src\debug\AndroidManifest.xml:5:22-75
12    <uses-permission android:name="android.permission.INTERNET" />
12-->src\main\AndroidManifest.xml:4:5-67
12-->src\main\AndroidManifest.xml:4:22-64
13    <uses-permission android:name="android.permission.ACCESS_WIFI_STATE" />
13-->[com.facebook.flipper:flipper:0.54.0] AndroidManifest.xml:16:5-76
13-->[com.facebook.flipper:flipper:0.54.0] AndroidManifest.xml:16:22-73
14    <uses-permission android:name="android.permission.ACCESS_COARSE_LOCATION" /> <!-- Include required permissions for Google Maps API to run. -->
14-->[:react-native-maps] AndroidManifest.xml:10:5-81
14-->[:react-native-maps] AndroidManifest.xml:10:22-78
15    <uses-permission android:name="android.permission.ACCESS_NETWORK_STATE" />
15-->[com.google.android.gms:play-services-maps:17.0.0] AndroidManifest.xml:23:5-79
15-->[com.google.android.gms:play-services-maps:17.0.0] AndroidManifest.xml:23:22-76
16
17    <uses-feature
17-->[com.google.android.gms:play-services-maps:17.0.0] AndroidManifest.xml:26:5-28:35
18        android:glEsVersion="0x00020000"
18-->[com.google.android.gms:play-services-maps:17.0.0] AndroidManifest.xml:27:9-41
19        android:required="true" />
19-->[com.google.android.gms:play-services-maps:17.0.0] AndroidManifest.xml:28:9-32
20
21    <application
21-->src\main\AndroidManifest.xml:6:5-25:19
22        android:name="com.doctorapp.MainApplication"
22-->src\main\AndroidManifest.xml:7:7-38
23        android:allowBackup="false"
23-->src\main\AndroidManifest.xml:11:7-34
24        android:appComponentFactory="androidx.core.app.CoreComponentFactory"
24-->[androidx.core:core:1.1.0] AndroidManifest.xml:24:18-86
25        android:debuggable="true"
26        android:icon="@mipmap/ic_launcher"
26-->src\main\AndroidManifest.xml:9:7-41
27        android:label="@string/app_name"
27-->src\main\AndroidManifest.xml:8:7-39
28        android:roundIcon="@mipmap/ic_launcher_round"
28-->src\main\AndroidManifest.xml:10:7-52
29        android:theme="@style/AppTheme"
29-->src\main\AndroidManifest.xml:12:7-38
30        android:usesCleartextTraffic="true" >
30-->src\debug\AndroidManifest.xml:7:18-53
31        <activity
31-->src\main\AndroidManifest.xml:13:7-23:18
32            android:name="com.doctorapp.MainActivity"
32-->src\main\AndroidManifest.xml:14:9-37
33            android:configChanges="keyboard|keyboardHidden|orientation|screenSize|uiMode"
33-->src\main\AndroidManifest.xml:16:9-86
34            android:label="@string/app_name"
34-->src\main\AndroidManifest.xml:15:9-41
35            android:launchMode="singleTask"
35-->src\main\AndroidManifest.xml:17:9-40
36            android:windowSoftInputMode="adjustResize" >
36-->src\main\AndroidManifest.xml:18:9-51
37            <intent-filter>
37-->src\main\AndroidManifest.xml:19:9-22:25
38                <action android:name="android.intent.action.MAIN" />
38-->src\main\AndroidManifest.xml:20:13-65
38-->src\main\AndroidManifest.xml:20:21-62
39
40                <category android:name="android.intent.category.LAUNCHER" />
40-->src\main\AndroidManifest.xml:21:13-73
40-->src\main\AndroidManifest.xml:21:23-70
41            </intent-filter>
42        </activity>
43        <activity android:name="com.facebook.react.devsupport.DevSettingsActivity" /> <!-- Needs to be explicitly declared on P+ -->
43-->src\main\AndroidManifest.xml:24:7-84
43-->src\main\AndroidManifest.xml:24:17-81
44        <uses-library
44-->[com.google.android.gms:play-services-maps:17.0.0] AndroidManifest.xml:33:9-35:40
45            android:name="org.apache.http.legacy"
45-->[com.google.android.gms:play-services-maps:17.0.0] AndroidManifest.xml:34:13-50
46            android:required="false" />
46-->[com.google.android.gms:play-services-maps:17.0.0] AndroidManifest.xml:35:13-37
47
48        <activity
48-->[com.google.android.gms:play-services-base:17.0.0] AndroidManifest.xml:23:9-26:75
49            android:name="com.google.android.gms.common.api.GoogleApiActivity"
49-->[com.google.android.gms:play-services-base:17.0.0] AndroidManifest.xml:24:13-79
50            android:exported="false"
50-->[com.google.android.gms:play-services-base:17.0.0] AndroidManifest.xml:25:13-37
51            android:theme="@android:style/Theme.Translucent.NoTitleBar" />
51-->[com.google.android.gms:play-services-base:17.0.0] AndroidManifest.xml:26:13-72
52
53        <meta-data
53-->[com.google.android.gms:play-services-basement:17.0.0] AndroidManifest.xml:23:9-25:69
54            android:name="com.google.android.gms.version"
54-->[com.google.android.gms:play-services-basement:17.0.0] AndroidManifest.xml:24:13-58
55            android:value="@integer/google_play_services_version" />
55-->[com.google.android.gms:play-services-basement:17.0.0] AndroidManifest.xml:25:13-66
56    </application>
57
58</manifest>